[17:48:51] [INIT] KubeJS 2001.6.5-build.26; MC 2001 forge
[17:48:51] [INIT] Loaded plugins:
[17:48:51] [INIT] - dev.latvian.mods.kubejs.forge.BuiltinKubeJSForgePlugin
[17:48:51] [INIT] - dev.latvian.mods.kubejs.forge.BuiltinKubeJSForgeClientPlugin
[17:48:51] [INIT] - dev.latvian.mods.kubejs.integration.forge.gamestages.GameStagesIntegration
[17:48:51] [INIT] - com.almostreliable.kubeio.kube.KubePlugin
[17:48:51] [INIT] - com.leo.jstages.plugins.item_stages.ItemStagesKJS
[17:48:51] [INIT] - com.leo.jstages.plugins.redimstages.DimensionStagesKJS
[17:48:51] [INIT] - com.almostreliable.lootjs.kube.LootJSPlugin
[17:48:51] [INIT] - com.blakebr0.cucumber.compat.kubejs.CucumberKubeJSPlugin
[17:48:51] [INIT] - dev.latvian.mods.kubejs.thermal.KubeJSThermalPlugin
[17:48:51] [INIT] - com.prunoideae.KubeJSBotaniaPlugin
[17:48:51] [INIT] - novamachina.exnihilosequentia.common.compat.kubejs.KubeJSExNihiloPlugin
[17:48:51] [INFO] Loaded script server_scripts:culinary_alchemy.js in 0.001 s
[17:48:51] [INFO] Loaded script server_scripts:deleted_items.js in 0.001 s
[17:48:51] [INFO] Loaded script server_scripts:craft.js in 0.001 s
[17:48:51] [INFO] Loaded script server_scripts:furnace_limit.js in 0.001 s
[17:48:51] [INFO] Loaded 4/4 KubeJS server scripts in 0.009 s with 0 errors and 0 warnings
[17:48:51] [INFO] Scripts loaded
[17:48:51] [INFO] Initializing recipe event...
[17:48:52] [INFO] Processing recipes...
[17:48:52] [WARN] Failed to parse recipe 'thermal:devices/tree_extractor/tree_extractor_cherry[thermal:tree_extractor]'! Falling back to vanilla: Non [a-z0-9_.-] character in namespace of location: {\"Name\":\"minecraft:cherry_log\"}
[17:48:52] [WARN] Failed to parse recipe 'thermal:devices/tree_extractor/tree_extractor_jungle[thermal:tree_extractor]'! Falling back to vanilla: Non [a-z0-9_.-] character in namespace of location: {\"Name\":\"minecraft:jungle_log\",\"Properties\":{\"axis\":\"y\"}}
[17:48:52] [WARN] Failed to parse recipe 'botania:brew/fire_resistance[botania:brew]'! Falling back to vanilla: Cannot invoke "net.minecraft.core.Registry.m_7745_(net.minecraft.resources.ResourceLocation)" because "com.prunoideae.custom.brew.BotaniaRegistryObjectBuilderTypes.BREW_REGISTRY" is null
[17:48:52] [WARN] Failed to parse recipe 'botania:brew/invisibility[botania:brew]'! Falling back to vanilla: Cannot invoke "net.minecraft.core.Registry.m_7745_(net.minecraft.resources.ResourceLocation)" because "com.prunoideae.custom.brew.BotaniaRegistryObjectBuilderTypes.BREW_REGISTRY" is null
[17:48:52] [WARN] Failed to parse recipe 'botania:brew/clear[botania:brew]'! Falling back to vanilla: Cannot invoke "net.minecraft.core.Registry.m_7745_(net.minecraft.resources.ResourceLocation)" because "com.prunoideae.custom.brew.BotaniaRegistryObjectBuilderTypes.BREW_REGISTRY" is null
[17:48:52] [WARN] Failed to parse recipe 'thermal:devices/tree_extractor/tree_extractor_birch[thermal:tree_extractor]'! Falling back to vanilla: Non [a-z0-9_.-] character in namespace of location: {\"Name\":\"minecraft:birch_log\",\"Properties\":{\"axis\":\"y\"}}
[17:48:52] [WARN] Failed to parse recipe 'botania:brew/feather_feet[botania:brew]'! Falling back to vanilla: Cannot invoke "net.minecraft.core.Registry.m_7745_(net.minecraft.resources.ResourceLocation)" because "com.prunoideae.custom.brew.BotaniaRegistryObjectBuilderTypes.BREW_REGISTRY" is null
[17:48:52] [WARN] Failed to parse recipe 'botania:brew/bloodthirst[botania:brew]'! Falling back to vanilla: Cannot invoke "net.minecraft.core.Registry.m_7745_(net.minecraft.resources.ResourceLocation)" because "com.prunoideae.custom.brew.BotaniaRegistryObjectBuilderTypes.BREW_REGISTRY" is null
[17:48:52] [WARN] Failed to parse recipe 'botania:brew/emptiness[botania:brew]'! Falling back to vanilla: Cannot invoke "net.minecraft.core.Registry.m_7745_(net.minecraft.resources.ResourceLocation)" because "com.prunoideae.custom.brew.BotaniaRegistryObjectBuilderTypes.BREW_REGISTRY" is null
[17:48:52] [WARN] Failed to parse recipe 'botania:brew/absorption[botania:brew]'! Falling back to vanilla: Cannot invoke "net.minecraft.core.Registry.m_7745_(net.minecraft.resources.ResourceLocation)" because "com.prunoideae.custom.brew.BotaniaRegistryObjectBuilderTypes.BREW_REGISTRY" is null
[17:48:52] [WARN] Failed to parse recipe 'botania:brew/jump_boost[botania:brew]'! Falling back to vanilla: Cannot invoke "net.minecraft.core.Registry.m_7745_(net.minecraft.resources.ResourceLocation)" because "com.prunoideae.custom.brew.BotaniaRegistryObjectBuilderTypes.BREW_REGISTRY" is null
[17:48:52] [WARN] Failed to parse recipe 'botania:brew/weak_regeneration[botania:brew]'! Falling back to vanilla: Cannot invoke "net.minecraft.core.Registry.m_7745_(net.minecraft.resources.ResourceLocation)" because "com.prunoideae.custom.brew.BotaniaRegistryObjectBuilderTypes.BREW_REGISTRY" is null
[17:48:52] [WARN] Failed to parse recipe 'botania:brew/regeneration[botania:brew]'! Falling back to vanilla: Cannot invoke "net.minecraft.core.Registry.m_7745_(net.minecraft.resources.ResourceLocation)" because "com.prunoideae.custom.brew.BotaniaRegistryObjectBuilderTypes.BREW_REGISTRY" is null
[17:48:52] [WARN] Failed to parse recipe 'botania:brew/speed[botania:brew]'! Falling back to vanilla: Cannot invoke "net.minecraft.core.Registry.m_7745_(net.minecraft.resources.ResourceLocation)" because "com.prunoideae.custom.brew.BotaniaRegistryObjectBuilderTypes.BREW_REGISTRY" is null
[17:48:52] [WARN] Failed to parse recipe 'botania:brew/night_vision[botania:brew]'! Falling back to vanilla: Cannot invoke "net.minecraft.core.Registry.m_7745_(net.minecraft.resources.ResourceLocation)" because "com.prunoideae.custom.brew.BotaniaRegistryObjectBuilderTypes.BREW_REGISTRY" is null
[17:48:52] [WARN] Failed to parse recipe 'thermal:devices/tree_extractor/tree_extractor_oak[thermal:tree_extractor]'! Falling back to vanilla: Non [a-z0-9_.-] character in namespace of location: {\"Name\":\"minecraft:oak_log\"}
[17:48:52] [WARN] Failed to parse recipe 'botania:brew/overload[botania:brew]'! Falling back to vanilla: Cannot invoke "net.minecraft.core.Registry.m_7745_(net.minecraft.resources.ResourceLocation)" because "com.prunoideae.custom.brew.BotaniaRegistryObjectBuilderTypes.BREW_REGISTRY" is null
[17:48:52] [WARN] Failed to parse recipe 'botania:brew/allure[botania:brew]'! Falling back to vanilla: Cannot invoke "net.minecraft.core.Registry.m_7745_(net.minecraft.resources.ResourceLocation)" because "com.prunoideae.custom.brew.BotaniaRegistryObjectBuilderTypes.BREW_REGISTRY" is null
[17:48:52] [WARN] Failed to parse recipe 'botania:brew/healing[botania:brew]'! Falling back to vanilla: Cannot invoke "net.minecraft.core.Registry.m_7745_(net.minecraft.resources.ResourceLocation)" because "com.prunoideae.custom.brew.BotaniaRegistryObjectBuilderTypes.BREW_REGISTRY" is null
[17:48:52] [WARN] Failed to parse recipe 'botania:brew/strength[botania:brew]'! Falling back to vanilla: Cannot invoke "net.minecraft.core.Registry.m_7745_(net.minecraft.resources.ResourceLocation)" because "com.prunoideae.custom.brew.BotaniaRegistryObjectBuilderTypes.BREW_REGISTRY" is null
[17:48:52] [WARN] Failed to parse recipe 'botania:brew/haste[botania:brew]'! Falling back to vanilla: Cannot invoke "net.minecraft.core.Registry.m_7745_(net.minecraft.resources.ResourceLocation)" because "com.prunoideae.custom.brew.BotaniaRegistryObjectBuilderTypes.BREW_REGISTRY" is null
[17:48:52] [WARN] Failed to parse recipe 'botania:brew/soul_cross[botania:brew]'! Falling back to vanilla: Cannot invoke "net.minecraft.core.Registry.m_7745_(net.minecraft.resources.ResourceLocation)" because "com.prunoideae.custom.brew.BotaniaRegistryObjectBuilderTypes.BREW_REGISTRY" is null
[17:48:52] [WARN] Failed to parse recipe 'thermal:devices/tree_extractor/tree_extractor_dark_oak[thermal:tree_extractor]'! Falling back to vanilla: Non [a-z0-9_.-] character in namespace of location: {\"Name\":\"minecraft:dark_oak_log\",\"Properties\":{\"axis\":\"y\"}}
[17:48:52] [WARN] Failed to parse recipe 'thermal:devices/tree_extractor/tree_extractor_spruce[thermal:tree_extractor]'! Falling back to vanilla: Non [a-z0-9_.-] character in namespace of location: {\"Name\":\"minecraft:spruce_log\",\"Properties\":{\"axis\":\"y\"}}
[17:48:52] [WARN] Failed to parse recipe 'thermal:devices/tree_extractor/tree_extractor_rubberwood[thermal:tree_extractor]'! Falling back to vanilla: Non [a-z0-9_.-] character in namespace of location: {\"Name\":\"thermal:rubberwood_log\",\"Properties\":{\"axis\":\"y\"}}
[17:48:52] [WARN] Failed to parse recipe 'thermal:devices/tree_extractor/tree_extractor_acacia[thermal:tree_extractor]'! Falling back to vanilla: Non [a-z0-9_.-] character in namespace of location: {\"Name\":\"minecraft:acacia_log\",\"Properties\":{\"axis\":\"y\"}}
[17:48:52] [WARN] Failed to parse recipe 'botania:brew/water_breathing[botania:brew]'! Falling back to vanilla: Cannot invoke "net.minecraft.core.Registry.m_7745_(net.minecraft.resources.ResourceLocation)" because "com.prunoideae.custom.brew.BotaniaRegistryObjectBuilderTypes.BREW_REGISTRY" is null
[17:48:52] [WARN] Failed to parse recipe 'botania:brew/resistance[botania:brew]'! Falling back to vanilla: Cannot invoke "net.minecraft.core.Registry.m_7745_(net.minecraft.resources.ResourceLocation)" because "com.prunoideae.custom.brew.BotaniaRegistryObjectBuilderTypes.BREW_REGISTRY" is null
[17:48:52] [INFO] Found 14300 recipes in 222.8 ms
[17:48:53] [INFO] Posted recipe events in 420.7 ms
[17:48:53] [WARN] Error parsing recipe thermal:compat/tconstruct/bottler_tconstruct_lavawood[thermal:bottler]: {"type":"thermal:bottler","ingredients":[{"tag":"minecraft:planks"},{"fluid":"minecraft:lava","amount":100}],"result":[{"item":"tconstruct:lavawood"}],"conditions":[{"type":"thermal:flag","flag":"mod_tconstruct"}]}: Invalid Thermal Series recipe: thermal:compat/tconstruct/bottler_tconstruct_lavawood
Refer to the recipe's ResourceLocation to find the mod responsible and let them know!
[17:48:53] [WARN] Error parsing recipe thermal:compat/tconstruct/press_tconstruct_blood_slime_3x3_packing[thermal:press]: {"type":"thermal:press","ingredients":[{"item":"tconstruct:blood_slime_ball","count":9},{"item":"thermal:press_packing_3x3_die"}],"result":[{"item":"tconstruct:blood_slime"}],"energy":400,"conditions":[{"type":"thermal:flag","flag":"mod_tconstruct"}]}: Invalid Thermal Series recipe: thermal:compat/tconstruct/press_tconstruct_blood_slime_3x3_packing
Refer to the recipe's ResourceLocation to find the mod responsible and let them know!
[17:48:53] [WARN] Error parsing recipe thermal:compat/tconstruct/press_tconstruct_blood_slime_2x2_packing[thermal:press]: {"type":"thermal:press","ingredients":[{"item":"tconstruct:blood_slime_ball","count":4},{"item":"thermal:press_packing_2x2_die"}],"result":[{"item":"tconstruct:blood_congealed_slime"}],"energy":400,"conditions":[{"type":"thermal:flag","flag":"mod_tconstruct"}]}: Invalid Thermal Series recipe: thermal:compat/tconstruct/press_tconstruct_blood_slime_2x2_packing
Refer to the recipe's ResourceLocation to find the mod responsible and let them know!
[17:48:53] [WARN] Error parsing recipe thermal:compat/tconstruct/press_tconstruct_blood_slime_3x3_unpacking[thermal:press]: {"type":"thermal:press","ingredients":[{"item":"tconstruct:blood_slime"},{"item":"thermal:press_unpacking_die"}],"result":[{"item":"tconstruct:blood_slime_ball","count":9}],"energy":400,"conditions":[{"type":"thermal:flag","flag":"mod_tconstruct"}]}: Invalid Thermal Series recipe: thermal:compat/tconstruct/press_tconstruct_blood_slime_3x3_unpacking
Refer to the recipe's ResourceLocation to find the mod responsible and let them know!
[17:48:53] [WARN] Error parsing recipe thermal:compat/tconstruct/press_tconstruct_blood_slime_2x2_unpacking[thermal:press]: {"type":"thermal:press","ingredients":[{"item":"tconstruct:blood_congealed_slime"},{"item":"thermal:press_unpacking_die"}],"result":[{"item":"tconstruct:blood_slime_ball","count":4}],"energy":400,"conditions":[{"type":"thermal:flag","flag":"mod_tconstruct"}]}: Invalid Thermal Series recipe: thermal:compat/tconstruct/press_tconstruct_blood_slime_2x2_unpacking
Refer to the recipe's ResourceLocation to find the mod responsible and let them know!
[17:48:53] [INFO] Added 38 recipes, removed 116 recipes, modified 0 recipes, with 5 failed recipes in 42.17 ms
[17:48:53] [INFO] Server resource reload complete!
